  system.c
D:\work\C语言实训\毕设\system.c(18,13): warning C4996: 'fopen': This function or variable may be unsafe. Consider using fopen_s instead. To disable deprecation, use _CRT_SECURE_NO_WARNINGS. See online help for details.
D:\work\C语言实训\毕设\system.c(22,8): warning C4996: 'fopen': This function or variable may be unsafe. Consider using fopen_s instead. To disable deprecation, use _CRT_SECURE_NO_WARNINGS. See online help for details.
D:\work\C语言实训\毕设\system.c(28,13): warning C4996: 'fopen': This function or variable may be unsafe. Consider using fopen_s instead. To disable deprecation, use _CRT_SECURE_NO_WARNINGS. See online help for details.
D:\work\C语言实训\毕设\system.c(31,2): warning C4996: 'scanf': This function or variable may be unsafe. Consider using scanf_s instead. To disable deprecation, use _CRT_SECURE_NO_WARNINGS. See online help for details.
D:\work\C语言实训\毕设\system.c(33,2): warning C4996: 'scanf': This function or variable may be unsafe. Consider using scanf_s instead. To disable deprecation, use _CRT_SECURE_NO_WARNINGS. See online help for details.
D:\work\C语言实训\毕设\system.c(35,2): warning C4996: 'scanf': This function or variable may be unsafe. Consider using scanf_s instead. To disable deprecation, use _CRT_SECURE_NO_WARNINGS. See online help for details.
D:\work\C语言实训\毕设\system.c(48,6): warning C4267: “=”: 从“size_t”转换到“int”，可能丢失数据
D:\work\C语言实训\毕设\system.c(52,7): warning C4267: “=”: 从“size_t”转换到“int”，可能丢失数据
D:\work\C语言实训\毕设\system.c(46,13): warning C4996: 'fopen': This function or variable may be unsafe. Consider using fopen_s instead. To disable deprecation, use _CRT_SECURE_NO_WARNINGS. See online help for details.
D:\work\C语言实训\毕设\system.c(58,2): warning C4996: 'scanf': This function or variable may be unsafe. Consider using scanf_s instead. To disable deprecation, use _CRT_SECURE_NO_WARNINGS. See online help for details.
D:\work\C语言实训\毕设\system.c(65,5): warning C4996: 'strcpy': This function or variable may be unsafe. Consider using strcpy_s instead. To disable deprecation, use _CRT_SECURE_NO_WARNINGS. See online help for details.
D:\work\C语言实训\毕设\system.c(66,5): warning C4996: 'strcpy': This function or variable may be unsafe. Consider using strcpy_s instead. To disable deprecation, use _CRT_SECURE_NO_WARNINGS. See online help for details.
D:\work\C语言实训\毕设\system.c(78,7): warning C4996: 'fopen': This function or variable may be unsafe. Consider using fopen_s instead. To disable deprecation, use _CRT_SECURE_NO_WARNINGS. See online help for details.
D:\work\C语言实训\毕设\system.c(92,6): warning C4267: “=”: 从“size_t”转换到“int”，可能丢失数据
D:\work\C语言实训\毕设\system.c(96,7): warning C4267: “=”: 从“size_t”转换到“int”，可能丢失数据
D:\work\C语言实训\毕设\system.c(90,13): warning C4996: 'fopen': This function or variable may be unsafe. Consider using fopen_s instead. To disable deprecation, use _CRT_SECURE_NO_WARNINGS. See online help for details.
D:\work\C语言实训\毕设\system.c(102,2): warning C4996: 'scanf': This function or variable may be unsafe. Consider using scanf_s instead. To disable deprecation, use _CRT_SECURE_NO_WARNINGS. See online help for details.
D:\work\C语言实训\毕设\system.c(134,6): warning C4267: “=”: 从“size_t”转换到“int”，可能丢失数据
D:\work\C语言实训\毕设\system.c(138,7): warning C4267: “=”: 从“size_t”转换到“int”，可能丢失数据
D:\work\C语言实训\毕设\system.c(132,13): warning C4996: 'fopen': This function or variable may be unsafe. Consider using fopen_s instead. To disable deprecation, use _CRT_SECURE_NO_WARNINGS. See online help for details.
D:\work\C语言实训\毕设\system.c(167,6): warning C4267: “=”: 从“size_t”转换到“int”，可能丢失数据
D:\work\C语言实训\毕设\system.c(171,7): warning C4267: “=”: 从“size_t”转换到“int”，可能丢失数据
D:\work\C语言实训\毕设\system.c(165,13): warning C4996: 'fopen': This function or variable may be unsafe. Consider using fopen_s instead. To disable deprecation, use _CRT_SECURE_NO_WARNINGS. See online help for details.
D:\work\C语言实训\毕设\system.c(177,2): warning C4996: 'scanf': This function or variable may be unsafe. Consider using scanf_s instead. To disable deprecation, use _CRT_SECURE_NO_WARNINGS. See online help for details.
D:\work\C语言实训\毕设\system.c(209,6): warning C4267: “=”: 从“size_t”转换到“int”，可能丢失数据
D:\work\C语言实训\毕设\system.c(213,7): warning C4267: “=”: 从“size_t”转换到“int”，可能丢失数据
D:\work\C语言实训\毕设\system.c(207,13): warning C4996: 'fopen': This function or variable may be unsafe. Consider using fopen_s instead. To disable deprecation, use _CRT_SECURE_NO_WARNINGS. See online help for details.
D:\work\C语言实训\毕设\system.c(219,2): warning C4996: 'scanf': This function or variable may be unsafe. Consider using scanf_s instead. To disable deprecation, use _CRT_SECURE_NO_WARNINGS. See online help for details.
D:\work\C语言实训\毕设\system.c(227,5): warning C4996: 'scanf': This function or variable may be unsafe. Consider using scanf_s instead. To disable deprecation, use _CRT_SECURE_NO_WARNINGS. See online help for details.
D:\work\C语言实训\毕设\system.c(232,6): warning C4996: 'strcpy': This function or variable may be unsafe. Consider using strcpy_s instead. To disable deprecation, use _CRT_SECURE_NO_WARNINGS. See online help for details.
D:\work\C语言实训\毕设\system.c(243,7): warning C4996: 'fopen': This function or variable may be unsafe. Consider using fopen_s instead. To disable deprecation, use _CRT_SECURE_NO_WARNINGS. See online help for details.
D:\work\C语言实训\毕设\system.c(257,6): warning C4267: “=”: 从“size_t”转换到“int”，可能丢失数据
D:\work\C语言实训\毕设\system.c(261,7): warning C4267: “=”: 从“size_t”转换到“int”，可能丢失数据
D:\work\C语言实训\毕设\system.c(255,13): warning C4996: 'fopen': This function or variable may be unsafe. Consider using fopen_s instead. To disable deprecation, use _CRT_SECURE_NO_WARNINGS. See online help for details.
D:\work\C语言实训\毕设\system.c(267,2): warning C4996: 'scanf': This function or variable may be unsafe. Consider using scanf_s instead. To disable deprecation, use _CRT_SECURE_NO_WARNINGS. See online help for details.
D:\work\C语言实训\毕设\system.c(275,5): warning C4996: 'scanf': This function or variable may be unsafe. Consider using scanf_s instead. To disable deprecation, use _CRT_SECURE_NO_WARNINGS. See online help for details.
D:\work\C语言实训\毕设\system.c(280,6): warning C4996: 'strcpy': This function or variable may be unsafe. Consider using strcpy_s instead. To disable deprecation, use _CRT_SECURE_NO_WARNINGS. See online help for details.
D:\work\C语言实训\毕设\system.c(291,7): warning C4996: 'fopen': This function or variable may be unsafe. Consider using fopen_s instead. To disable deprecation, use _CRT_SECURE_NO_WARNINGS. See online help for details.
D:\work\C语言实训\毕设\system.c(326,3): warning C4013: “gets”未定义；假设外部返回 int
D:\work\C语言实训\毕设\system.c(513,6): warning C4267: “=”: 从“size_t”转换到“int”，可能丢失数据
D:\work\C语言实训\毕设\system.c(517,7): warning C4267: “=”: 从“size_t”转换到“int”，可能丢失数据
D:\work\C语言实训\毕设\system.c(511,13): warning C4996: 'fopen': This function or variable may be unsafe. Consider using fopen_s instead. To disable deprecation, use _CRT_SECURE_NO_WARNINGS. See online help for details.
D:\work\C语言实训\毕设\system.c(546,6): warning C4267: “=”: 从“size_t”转换到“int”，可能丢失数据
D:\work\C语言实训\毕设\system.c(550,7): warning C4267: “=”: 从“size_t”转换到“int”，可能丢失数据
D:\work\C语言实训\毕设\system.c(544,13): warning C4996: 'fopen': This function or variable may be unsafe. Consider using fopen_s instead. To disable deprecation, use _CRT_SECURE_NO_WARNINGS. See online help for details.
D:\work\C语言实训\毕设\system.c(556,2): warning C4996: 'scanf': This function or variable may be unsafe. Consider using scanf_s instead. To disable deprecation, use _CRT_SECURE_NO_WARNINGS. See online help for details.
D:\work\C语言实训\毕设\system.c(588,6): warning C4267: “=”: 从“size_t”转换到“int”，可能丢失数据
D:\work\C语言实训\毕设\system.c(592,7): warning C4267: “=”: 从“size_t”转换到“int”，可能丢失数据
D:\work\C语言实训\毕设\system.c(586,13): warning C4996: 'fopen': This function or variable may be unsafe. Consider using fopen_s instead. To disable deprecation, use _CRT_SECURE_NO_WARNINGS. See online help for details.
D:\work\C语言实训\毕设\system.c(598,2): warning C4996: 'scanf': This function or variable may be unsafe. Consider using scanf_s instead. To disable deprecation, use _CRT_SECURE_NO_WARNINGS. See online help for details.
D:\work\C语言实训\毕设\system.c(605,4): warning C4996: 'scanf': This function or variable may be unsafe. Consider using scanf_s instead. To disable deprecation, use _CRT_SECURE_NO_WARNINGS. See online help for details.
D:\work\C语言实训\毕设\system.c(614,7): warning C4996: 'fopen': This function or variable may be unsafe. Consider using fopen_s instead. To disable deprecation, use _CRT_SECURE_NO_WARNINGS. See online help for details.
D:\work\C语言实训\毕设\system.c(628,6): warning C4267: “=”: 从“size_t”转换到“int”，可能丢失数据
D:\work\C语言实训\毕设\system.c(632,7): warning C4267: “=”: 从“size_t”转换到“int”，可能丢失数据
D:\work\C语言实训\毕设\system.c(626,13): warning C4996: 'fopen': This function or variable may be unsafe. Consider using fopen_s instead. To disable deprecation, use _CRT_SECURE_NO_WARNINGS. See online help for details.
D:\work\C语言实训\毕设\system.c(666,6): warning C4267: “=”: 从“size_t”转换到“int”，可能丢失数据
D:\work\C语言实训\毕设\system.c(670,7): warning C4267: “=”: 从“size_t”转换到“int”，可能丢失数据
D:\work\C语言实训\毕设\system.c(664,13): warning C4996: 'fopen': This function or variable may be unsafe. Consider using fopen_s instead. To disable deprecation, use _CRT_SECURE_NO_WARNINGS. See online help for details.
D:\work\C语言实训\毕设\system.c(676,2): warning C4996: 'scanf': This function or variable may be unsafe. Consider using scanf_s instead. To disable deprecation, use _CRT_SECURE_NO_WARNINGS. See online help for details.
D:\work\C语言实训\毕设\system.c(708,6): warning C4267: “=”: 从“size_t”转换到“int”，可能丢失数据
D:\work\C语言实训\毕设\system.c(712,7): warning C4267: “=”: 从“size_t”转换到“int”，可能丢失数据
D:\work\C语言实训\毕设\system.c(706,13): warning C4996: 'fopen': This function or variable may be unsafe. Consider using fopen_s instead. To disable deprecation, use _CRT_SECURE_NO_WARNINGS. See online help for details.
D:\work\C语言实训\毕设\system.c(718,2): warning C4996: 'scanf': This function or variable may be unsafe. Consider using scanf_s instead. To disable deprecation, use _CRT_SECURE_NO_WARNINGS. See online help for details.
D:\work\C语言实训\毕设\system.c(725,4): warning C4996: 'scanf': This function or variable may be unsafe. Consider using scanf_s instead. To disable deprecation, use _CRT_SECURE_NO_WARNINGS. See online help for details.
D:\work\C语言实训\毕设\system.c(734,7): warning C4996: 'fopen': This function or variable may be unsafe. Consider using fopen_s instead. To disable deprecation, use _CRT_SECURE_NO_WARNINGS. See online help for details.
D:\work\C语言实训\毕设\system.c(748,16): warning C4244: “=”: 从“double”转换到“float”，可能丢失数据
D:\work\C语言实训\毕设\system.c(750,11): warning C4244: “=”: 从“double”转换到“float”，可能丢失数据
D:\work\C语言实训\毕设\system.c(752,15): warning C4244: “=”: 从“double”转换到“float”，可能丢失数据
D:\work\C语言实训\毕设\system.c(783,6): warning C4267: “=”: 从“size_t”转换到“int”，可能丢失数据
D:\work\C语言实训\毕设\system.c(787,7): warning C4267: “=”: 从“size_t”转换到“int”，可能丢失数据
D:\work\C语言实训\毕设\system.c(781,13): warning C4996: 'fopen': This function or variable may be unsafe. Consider using fopen_s instead. To disable deprecation, use _CRT_SECURE_NO_WARNINGS. See online help for details.
D:\work\C语言实训\毕设\system.c(811,6): warning C4267: “=”: 从“size_t”转换到“int”，可能丢失数据
D:\work\C语言实训\毕设\system.c(815,7): warning C4267: “=”: 从“size_t”转换到“int”，可能丢失数据
D:\work\C语言实训\毕设\system.c(809,13): warning C4996: 'fopen': This function or variable may be unsafe. Consider using fopen_s instead. To disable deprecation, use _CRT_SECURE_NO_WARNINGS. See online help for details.
D:\work\C语言实训\毕设\system.c(367): warning C4716: “AdMainMenu”: 必须返回一个值
D:\work\C语言实训\毕设\system.c(406): warning C4716: “ExitMenu”: 必须返回一个值
D:\work\C语言实训\毕设\system.c(387): warning C4716: “UserMainMenu”: 必须返回一个值
D:\work\C语言实训\毕设\system.c(425): warning C4716: “AdUserManageMenu”: 必须返回一个值
D:\work\C语言实训\毕设\system.c(464): warning C4716: “AdBillingManageMenu”: 必须返回一个值
D:\work\C语言实训\毕设\system.c(483): warning C4716: “BillingManageMenu”: 必须返回一个值
D:\work\C语言实训\毕设\system.c(445): warning C4716: “UserManageMenu”: 必须返回一个值
  毕设.vcxproj -> D:\work\C语言实训\毕设\x64\Debug\毕设.exe
